<!--
  This file is not being used, because a bug in maven-assembly-plugin does not
  allow the packacking of test-scoped dependencies only. Keeping this file in
  the hopes that one day this bug will be resolved.
-->
<assembly
  xmlns="http://maven.apache.org/ASSEMBLY/2.0.0"
  xmlns:xsi="http://www.w3.org/2001/XMLSchema-instance"
  xsi:schemaLocation="http://maven.apache.org/ASSEMBLY/2.0.0 http://maven.apache.org/xsd/assembly-2.0.0.xsd">
  <id>tests</id>
  <formats>
    <format>jar</format>
  </formats>
  <includeBaseDirectory>false</includeBaseDirectory>
  <dependencySets>
    <dependencySet>
      <scope>provided</scope>
      <unpack>true</unpack>
      <includes>
        <include>io.opentracing.contrib:opentracing-specialagent</include>
        <include>io.opentracing.contrib:opentracing-tracerresolver</include>
        <include>io.opentracing:opentracing-api</include>
        <include>io.opentracing:opentracing-util</include>
        <include>io.opentracing:opentracing-noop</include>
        <include>org.jboss.byteman:byteman</include>
      </includes>
    </dependencySet>
    <dependencySet>
      <!-- <scope>test</scope> spec does not exclude other scopes. It basically
        means: <scope>test (and runtime)</scope>, which disallows the use of
        maven-assembly-plugin entirely. -->
      <scope>test</scope>
      <unpack>true</unpack>
    </dependencySet>
  </dependencySets>
  <fileSets>
    <fileSet>
      <directory>${project.build.directory}/test-classes</directory>
      <outputDirectory>/</outputDirectory>
      <includes>
        <include>**/*.class</include>
      </includes>
    </fileSet>
  </fileSets>
</assembly>